<?xml version="1.0" encoding="UTF-8"?>
<testng-results ignored="0" total="5" passed="4" failed="1" skipped="0">
  <reporter-output>
  </reporter-output>
  <suite started-at="2023-03-29T20:01:46 IST" name="Suite" finished-at="2023-03-29T20:01:46 IST" duration-ms="37">
    <groups>
      <group name="reression">
        <method signature="Ts_02.script3()[pri:0, instance:Pacti.Ts_02@3d5c822d]" name="script3" class="Pacti.Ts_02"/>
        <method signature="Ts_02.script4()[pri:0, instance:Pacti.Ts_02@3d5c822d]" name="script4" class="Pacti.Ts_02"/>
        <method signature="Ts_03.script5()[pri:0, instance:Pacti.Ts_03@193f604a]" name="script5" class="Pacti.Ts_03"/>
        <method signature="Ts_03.script6()[pri:0, instance:Pacti.Ts_03@193f604a]" name="script6" class="Pacti.Ts_03"/>
        <method signature="Ts_01.script1()[pri:0, instance:Pacti.Ts_01@e15b7e8]" name="script1" class="Pacti.Ts_01"/>
      </group> <!-- reression -->
    </groups>
    <test started-at="2023-03-29T20:01:46 IST" name="Test_Runner_01" finished-at="2023-03-29T20:01:46 IST" duration-ms="37">
      <class name="Pacti.Ts_03">
        <test-method signature="script5()[pri:0, instance:Pacti.Ts_03@193f604a]" started-at="2023-03-29T20:01:46 IST" name="script5" finished-at="2023-03-29T20:01:46 IST" duration-ms="1" status="PASS">
          <reporter-output>
          </reporter-output>
        </test-method> <!-- script5 -->
        <test-method signature="script6()[pri:0, instance:Pacti.Ts_03@193f604a]" started-at="2023-03-29T20:01:46 IST" name="script6" finished-at="2023-03-29T20:01:46 IST" duration-ms="0" status="PASS">
          <reporter-output>
          </reporter-output>
        </test-method> <!-- script6 -->
      </class> <!-- Pacti.Ts_03 -->
      <class name="Pacti.Ts_02">
        <test-method signature="script3()[pri:0, instance:Pacti.Ts_02@3d5c822d]" started-at="2023-03-29T20:01:46 IST" name="script3" finished-at="2023-03-29T20:01:46 IST" duration-ms="6" status="PASS">
          <reporter-output>
          </reporter-output>
        </test-method> <!-- script3 -->
        <test-method signature="script4()[pri:0, instance:Pacti.Ts_02@3d5c822d]" started-at="2023-03-29T20:01:46 IST" name="script4" finished-at="2023-03-29T20:01:46 IST" duration-ms="1" status="PASS">
          <reporter-output>
          </reporter-output>
        </test-method> <!-- script4 -->
      </class> <!-- Pacti.Ts_02 -->
    </test> <!-- Test_Runner_01 -->
    <test started-at="2023-03-29T20:01:46 IST" name="Test_Runner_02" finished-at="2023-03-29T20:01:46 IST" duration-ms="35">
      <class name="Pacti.Ts_01">
        <test-method signature="script1()[pri:0, instance:Pacti.Ts_01@e15b7e8]" started-at="2023-03-29T20:01:46 IST" name="script1" finished-at="2023-03-29T20:01:46 IST" duration-ms="7" status="FAIL">
          <exception class="java.lang.AssertionError">
            <message>
              <![CDATA[null]]>
            </message>
            <full-stacktrace>
              <![CDATA[java.lang.AssertionError: null
at org.testng.Assert.fail(Assert.java:99)
at org.testng.Assert.fail(Assert.java:106)
at Pacti.Ts_01.script1(Ts_01.java:14)
at java.base/jdk.internal.reflect.NativeMethodAccessorImpl.invoke0(Native Method)
at java.base/jdk.internal.reflect.NativeMethodAccessorImpl.invoke(NativeMethodAccessorImpl.java:77)
at java.base/jdk.internal.reflect.DelegatingMethodAccessorImpl.invoke(DelegatingMethodAccessorImpl.java:43)
at java.base/java.lang.reflect.Method.invoke(Method.java:568)
at org.testng.internal.MethodInvocationHelper.invokeMethod(MethodInvocationHelper.java:133)
at org.testng.internal.TestInvoker.invokeMethod(TestInvoker.java:598)
at org.testng.internal.TestInvoker.invokeTestMethod(TestInvoker.java:173)
at org.testng.internal.MethodRunner.runInSequence(MethodRunner.java:46)
at org.testng.internal.TestInvoker$MethodInvocationAgent.invoke(TestInvoker.java:824)
at org.testng.internal.TestInvoker.invokeTestMethods(TestInvoker.java:146)
at org.testng.internal.TestMethodWorker.invokeTestMethods(TestMethodWorker.java:146)
at org.testng.internal.TestMethodWorker.run(TestMethodWorker.java:128)
at java.base/java.util.ArrayList.forEach(ArrayList.java:1511)
at org.testng.TestRunner.privateRun(TestRunner.java:794)
at org.testng.TestRunner.run(TestRunner.java:596)
at org.testng.SuiteRunner.runTest(SuiteRunner.java:377)
at org.testng.SuiteRunner.access$000(SuiteRunner.java:28)
at org.testng.SuiteRunner$SuiteWorker.run(SuiteRunner.java:418)
at org.testng.internal.thread.ThreadUtil.lambda$execute$0(ThreadUtil.java:64)
at java.base/java.util.concurrent.FutureTask.run(FutureTask.java:264)
at java.base/java.util.concurrent.ThreadPoolExecutor.runWorker(ThreadPoolExecutor.java:1136)
at java.base/java.util.concurrent.ThreadPoolExecutor$Worker.run(ThreadPoolExecutor.java:635)
at java.base/java.lang.Thread.run(Thread.java:833)
]]>
            </full-stacktrace>
          </exception> <!-- java.lang.AssertionError -->
          <reporter-output>
          </reporter-output>
        </test-method> <!-- script1 -->
      </class> <!-- Pacti.Ts_01 -->
    </test> <!-- Test_Runner_02 -->
  </suite> <!-- Suite -->
</testng-results>
